[2026-04-19 18:40:23] [EXEC] 开始执行工作流步骤...
[2026-04-19 18:40:23] [EXEC] 描述动作: 步骤1: 识别到已锁定目标MSI的Chrome浏览器中的刷新图标位于 (54, 275)
[2026-04-19 18:40:24] [EXEC] 执行物理点击: (54, 275)
[2026-04-19 18:40:25] [EXEC] 描述动作: 步骤3: 等待3秒，观察网页完成刷新
[2026-04-19 18:40:26] [EXEC] 执行物理点击: (54, 275)
[2026-04-19 18:40:27] [EXEC] 描述动作: 步骤5: 等待3秒，确认网页再次完成刷新
[2026-04-19 18:56:53] [EXEC] 开始执行工作流步骤...
[2026-04-19 18:56:53] [EXEC] 探测到坐标(806,888) -> 绝对输出: (874, 1874)
[2026-04-19 18:56:53] [EXEC] 执行文本输入: 框，坐标为(806,
[2026-04-19 18:56:54] [EXEC] 探测到坐标(806,888) -> 绝对输出: (874, 1874)
[2026-04-19 18:56:55] [EXEC] 执行文本输入: 123456
[2026-04-19 18:58:59] [EXEC] 开始执行工作流步骤...
[2026-04-19 18:58:59] [EXEC] 探测到坐标(805,621) -> 绝对输出: (873, 1607)
[2026-04-19 18:59:01] [EXEC] 执行文本输入: 框为Google搜索框，位置坐标为
[2026-04-19 18:59:04] [EXEC] 探测到坐标(805,621) -> 绝对输出: (873, 1607)
[2026-04-19 18:59:06] [EXEC] 执行文本输入: 框
[2026-04-19 18:59:07] [EXEC] 执行文本输入: 123456
[2026-04-19 19:00:48] [EXEC] 开始执行工作流步骤...
[2026-04-19 19:00:48] [EXEC] 探测到坐标(495,463) -> 绝对输出: (563, 1449)
[2026-04-19 19:00:50] [EXEC] 探测到坐标(495,463) -> 绝对输出: (563, 1449)
[2026-04-19 19:00:52] [EXEC] 执行文本输入: 123456
[2026-04-19 19:03:38] [EXEC] 开始执行工作流步骤...
[2026-04-19 19:03:38] [EXEC] 探测到坐标(805,621) -> 绝对输出: (873, 1607)
[2026-04-19 19:03:40] [EXEC] 执行文本输入: 框，其对应文本坐标为(805, 621
[2026-04-19 19:03:41] [EXEC] 探测到坐标(805,621) -> 绝对输出: (873, 1607)
[2026-04-19 19:03:44] [EXEC] 执行文本输入: 123456
[2026-04-19 19:08:34] [EXEC] 开始执行工作流步骤...
[2026-04-19 19:08:34] [EXEC] 探测到坐标(472,460) -> 绝对输出: (540, 1446)
[2026-04-19 19:08:36] [EXEC] 执行文本输入: 框位于 (472, 460
[2026-04-19 19:08:40] [EXEC] 探测到坐标(472,460) -> 绝对输出: (540, 1446)
[2026-04-19 19:08:42] [EXEC] 执行文本输入: 123456
[2026-04-19 19:10:40] [EXEC] 开始执行工作流步骤...
[2026-04-19 19:10:40] [EXEC] 探测到坐标(805,621) -> 绝对输出: (873, 1607)
