[2026-04-19 16:11:49] [MODEL] 工作流已生成，等待人工 Approval
[2026-04-19 18:27:43] [MODEL] 工作流已生成，等待人工 Approval
[2026-04-19 18:37:59] [MODEL] 工作流已生成，等待人工 Approval
[2026-04-19 18:40:21] [MODEL] 工作流已生成，等待人工 Approval
[2026-04-19 18:56:15] [MODEL] 工作流已生成内容: 步骤1: 识别到网页中的Google搜索输入框，坐标为(806, 888)
步骤2: 执行 CLICK(806, 888)
步骤3: 执行 INPUT(123456)...
[2026-04-19 18:58:58] [MODEL] 工作流已生成内容: 步骤1: 识别到网页输入框为Google搜索框，位置坐标为 (805, 621)
步骤2: 执行 CLICK(805, 621) 激活输入框
步骤3: 执行 INPUT(123456) 完成指定内容的输入...
[2026-04-19 19:00:44] [MODEL] 工作流已生成内容: 步骤1: 定位到网页中的Google搜索输入框，坐标为 (495, 463)
步骤2: 执行 CLICK(495, 463)，激活输入框
步骤3: 执行 INPUT(123456)...
[2026-04-19 19:03:16] [MODEL] 工作流已生成内容: 步骤1: 识别到网页中的Google搜索输入框，其对应文本坐标为(805, 621)
步骤2: 执行 CLICK(805, 621)
步骤3: 执行 INPUT(123456)...
[2026-04-19 19:06:58] [MODEL] 指令已通过并缓存: 步骤1: 识别到网页输入框位于 (472, 460)
步骤2: 执行 CLICK(472, 460)
步骤3: 执行 INPUT(123456)...
[2026-04-19 19:10:18] [MODEL] 指令已通过并缓存: 步骤1: 定位到网页的输入区域，即Google搜索输入框，坐标为<point>805, 621</point>
步骤2: 执行 CLICK(805, 621)，激活该输入框
步骤3: 执行 INPUT...
[2026-04-19 19:12:25] [MODEL] 检测到指令并立即执行: 步骤1: 识别到网页输入框位于 (498, 462)
步骤2: 执行 CLICK(498, 462)...
[2026-04-19 19:16:37] [MODEL] 检测到新指令并已完成硬盘存档。
