[2026-04-19 15:13:46] [SYSTEM] AI Agent 控制中心已启动。
[2026-04-19 15:20:42] [SYSTEM] AI Agent 控制中心已启动。
[2026-04-19 15:23:26] [SYSTEM] AI Agent 控制中心已启动。
[2026-04-19 15:25:00] [SYSTEM] AI Agent 控制中心已启动。
[2026-04-19 15:26:57] [SYSTEM] AI Agent 控制中心已启动。
[2026-04-19 15:29:07] [SYSTEM] AI Agent 控制中心已启动。
[2026-04-19 15:33:57] [SYSTEM] AI Agent 控制中心已启动。
[2026-04-19 15:40:18] [SYSTEM] AI Agent 控制中心已启动。
[2026-04-19 15:43:36] [SYSTEM] AI Agent 控制中心已启动。
[2026-04-19 16:11:42] [SYSTEM] 发起任务分析: 测试：网页自动刷新
[2026-04-19 17:53:07] [SYSTEM] AI Agent 控制中心已启动。
[2026-04-19 17:55:53] [SYSTEM] AI Agent 控制中心已启动。
[2026-04-19 17:58:10] [SYSTEM] AI Agent 控制中心已启动。
[2026-04-19 18:01:17] [SYSTEM] AI Agent 控制中心已启动。
[2026-04-19 18:26:29] [SYSTEM] 发起任务分析: 测试：网页自动刷新
[2026-04-19 18:29:13] [SYSTEM] AI Agent 控制中心已启动。
[2026-04-19 18:30:03] [SYSTEM] AI Agent 控制中心已启动。
[2026-04-19 18:34:33] [SYSTEM] 发起任务分析: 测试：网页自动刷新
[2026-04-19 18:36:51] [SYSTEM] AI Agent 控制中心已启动。
[2026-04-19 18:37:37] [SYSTEM] 发起任务分析: 测试：网页自动刷新
[2026-04-19 18:39:35] [SYSTEM] AI Agent 控制中心已启动。
[2026-04-19 18:39:57] [SYSTEM] 发起任务分析: 测试：网页自动刷新
[2026-04-19 18:40:28] [SYSTEM] 任务步骤完成，正在清空远程页面痕迹...
[2026-04-19 18:40:28] [SYSTEM] 任务已圆满完成: 测试：网页自动刷新
[2026-04-19 18:42:17] [SYSTEM] AI Agent 控制中心已启动。
[2026-04-19 18:44:25] [SYSTEM] AI Agent 控制中心已启动。
[2026-04-19 18:45:16] [SYSTEM] AI Agent 控制中心已启动。
[2026-04-19 18:46:07] [SYSTEM] 发起任务分析: 任务：网页输入 123456
[2026-04-19 18:47:44] [SYSTEM] AI Agent 控制中心已启动。
[2026-04-19 18:48:10] [SYSTEM] 发起任务分析: 任务：网页输入 123456
[2026-04-19 18:49:40] [SYSTEM] AI Agent 控制中心已启动。
[2026-04-19 18:51:31] [SYSTEM] 发起任务分析: 任务：网页输入 123456
[2026-04-19 18:51:53] [SYSTEM] 发起任务分析: 测试：网页自动刷新
[2026-04-19 18:51:56] [SYSTEM] 发起任务分析: 任务：网页输入 123456
[2026-04-19 18:52:48] [SYSTEM] 发起任务分析: 测试：网页自动刷新
[2026-04-19 18:53:08] [SYSTEM] AI Agent 控制中心已启动。
[2026-04-19 18:54:28] [SYSTEM] AI Agent 控制中心已启动。
[2026-04-19 18:55:13] [SYSTEM] AI Agent 控制中心已启动。
[2026-04-19 18:55:42] [SYSTEM] 发起任务分析: 任务：网页输入 123456
[2026-04-19 18:56:56] [SYSTEM] 任务步骤完成，正在清空远程页面痕迹...
[2026-04-19 18:56:56] [SYSTEM] 任务已圆满完成: 任务：网页输入 123456
[2026-04-19 18:57:48] [SYSTEM] AI Agent 控制中心已启动。
[2026-04-19 18:57:49] [SYSTEM] 正在执行物理驱动自检 (划圆测试)...
[2026-04-19 18:58:37] [SYSTEM] 发起任务分析: 任务：网页输入 123456
[2026-04-19 18:58:59] [SYSTEM] PyExecutor: 移动并点击 (873, 1607)
[2026-04-19 18:59:01] [SYSTEM] PyExecutor: 模拟键盘输入 框为Google搜索框，位置坐标为
[2026-04-19 18:59:04] [SYSTEM] PyExecutor: 移动并点击 (873, 1607)
[2026-04-19 18:59:06] [SYSTEM] PyExecutor: 模拟键盘输入 框
[2026-04-19 18:59:07] [SYSTEM] PyExecutor: 模拟键盘输入 123456
[2026-04-19 18:59:09] [SYSTEM] 任务步骤完成，正在清空远程页面痕迹...
[2026-04-19 19:00:09] [SYSTEM] AI Agent 控制中心已启动。
[2026-04-19 19:00:09] [SYSTEM] 正在执行物理驱动自检 (划圆测试)...
[2026-04-19 19:00:25] [SYSTEM] 发起任务分析: 任务：网页输入 123456
[2026-04-19 19:00:48] [SYSTEM] PyExecutor: 移动并点击 (563, 1449)
[2026-04-19 19:00:50] [SYSTEM] PyExecutor: 移动并点击 (563, 1449)
[2026-04-19 19:00:52] [SYSTEM] PyExecutor: 模拟键盘输入 123456
[2026-04-19 19:00:54] [SYSTEM] 任务步骤完成，正在清空远程页面痕迹...
[2026-04-19 19:00:55] [SYSTEM] PyExecutor: 已执行页面重置 (Esc)
[2026-04-19 19:00:55] [SYSTEM] 任务已圆满完成: 任务：网页输入 123456
[2026-04-19 19:02:13] [SYSTEM] AI Agent 控制中心已启动。
[2026-04-19 19:02:14] [SYSTEM] 正在执行物理驱动自检 (划圆测试)...
[2026-04-19 19:02:52] [SYSTEM] AI Agent 控制中心已启动。
[2026-04-19 19:02:55] [SYSTEM] 发起任务分析: 任务：网页输入 123456
[2026-04-19 19:03:38] [SYSTEM] PyExecutor: 移动并点击 (873, 1607)
[2026-04-19 19:03:40] [SYSTEM] PyExecutor: 采用剪贴板粘贴 -> 框，其对应文本坐标为(805, 621
[2026-04-19 19:03:41] [SYSTEM] PyExecutor: 移动并点击 (873, 1607)
[2026-04-19 19:03:44] [SYSTEM] PyExecutor: 采用剪贴板粘贴 -> 123456
[2026-04-19 19:03:46] [SYSTEM] 任务步骤完成，正在清空远程页面痕迹...
[2026-04-19 19:03:46] [SYSTEM] PyExecutor: 已执行页面重置 (Esc)
[2026-04-19 19:03:46] [SYSTEM] 任务已圆满完成: 任务：网页输入 123456
[2026-04-19 19:06:39] [SYSTEM] AI Agent 控制中心已启动。
[2026-04-19 19:06:42] [SYSTEM] 发起任务分析: 任务：网页输入 123456
[2026-04-19 19:08:34] [SYSTEM] PyExecutor: 移动并点击 (540, 1446)
[2026-04-19 19:08:36] [SYSTEM] PyExecutor: 采用剪贴板粘贴 -> 框位于 (472, 460
[2026-04-19 19:08:37] [SYSTEM] PyExecutor: 补发物理键盘模拟...
[2026-04-19 19:08:40] [SYSTEM] PyExecutor: 移动并点击 (540, 1446)
[2026-04-19 19:08:42] [SYSTEM] PyExecutor: 采用剪贴板粘贴 -> 123456
[2026-04-19 19:08:43] [SYSTEM] PyExecutor: 补发物理键盘模拟...
[2026-04-19 19:08:45] [SYSTEM] 任务步骤完成，正在清空远程页面痕迹...
[2026-04-19 19:08:46] [SYSTEM] PyExecutor: 已执行页面重置 (Esc)
[2026-04-19 19:08:46] [SYSTEM] 任务已圆满完成: 任务：网页输入 123456
[2026-04-19 19:10:05] [SYSTEM] AI Agent 控制中心已启动。
[2026-04-19 19:10:08] [SYSTEM] 发起任务分析: 任务：网页输入 123456
[2026-04-19 19:10:40] [SYSTEM] PyExecutor: 移动并点击 (873, 1607)
[2026-04-19 19:12:06] [SYSTEM] AI Agent 控制中心已启动。
[2026-04-19 19:12:09] [SYSTEM] 发起任务分析: 任务：网页输入 123456
[2026-04-19 19:14:25] [SYSTEM] AI Agent 控制中心已启动。
[2026-04-19 19:14:26] [SYSTEM] 正在执行物理驱动自检 (划圆测试)...
[2026-04-19 19:15:45] [SYSTEM] AI Agent 控制中心已启动。
[2026-04-19 19:15:46] [SYSTEM] 正在执行物理驱动自检 (划圆测试)...
[2026-04-19 19:16:11] [SYSTEM] 发起任务分析: 任务：网页输入 123456
[2026-04-19 19:22:13] [SYSTEM] AI Agent 终极版已就绪，硬盘记忆优先模式已开启。
[2026-04-19 19:22:15] [SYSTEM] 命中硬盘记忆: 任务：网页输入 123456 (0 Token)
[2026-04-19 19:22:28] [SYSTEM] AI Agent 终极版已就绪，硬盘记忆优先模式已开启。
[2026-04-19 19:22:30] [SYSTEM] 命中硬盘记忆: 任务：网页输入 123456 (0 Token)
[2026-04-19 19:23:09] [SYSTEM] AI Agent 终极版已就绪，硬盘记忆优先模式已开启。
[2026-04-19 19:23:11] [SYSTEM] 命中硬盘记忆: 任务：网页输入 123456 (0 Token)
[2026-04-19 19:23:32] [SYSTEM] Agent 终极版已就绪。
[2026-04-19 19:23:34] [SYSTEM] 命中硬盘记忆: 任务：网页输入 123456 (0 Token)
